[2025-06-13 15:00:31] ERROR: Failed to update chart series
Error: Collection was modified after the enumerator was instantiated.
Stack Trace:    at System.ThrowHelper.ThrowInvalidOperationException(ExceptionResource resource)
   at System.Collections.Generic.Queue`1.Enumerator.MoveNext()
   at Telemetry_demo.UserControl3.UpdateChartSeries(Chart chart, Dictionary`2 channelSeries, Dictionary`2 allChannelData, Dictionary`2 channelCheckBoxes) in C:\LAUKIK\Telemetry\Telemetry-Viewer\Telemetry_demo\Telemetry_demo\Plotting Page.cs:line 369

[2025-06-13 15:00:31] ERROR: Failed to update chart series
Error: Collection was modified after the enumerator was instantiated.
Stack Trace:    at System.ThrowHelper.ThrowInvalidOperationException(ExceptionResource resource)
   at System.Collections.Generic.Queue`1.Enumerator.MoveNext()
   at Telemetry_demo.UserControl3.UpdateChartSeries(Chart chart, Dictionary`2 channelSeries, Dictionary`2 allChannelData, Dictionary`2 channelCheckBoxes) in C:\LAUKIK\Telemetry\Telemetry-Viewer\Telemetry_demo\Telemetry_demo\Plotting Page.cs:line 369

[2025-06-13 15:00:31] ERROR: Failed to update chart series
Error: Collection was modified after the enumerator was instantiated.
Stack Trace:    at System.ThrowHelper.ThrowInvalidOperationException(ExceptionResource resource)
   at System.Collections.Generic.Queue`1.Enumerator.MoveNext()
   at Telemetry_demo.UserControl3.UpdateChartSeries(Chart chart, Dictionary`2 channelSeries, Dictionary`2 allChannelData, Dictionary`2 channelCheckBoxes) in C:\LAUKIK\Telemetry\Telemetry-Viewer\Telemetry_demo\Telemetry_demo\Plotting Page.cs:line 369

[2025-06-13 15:00:32] ERROR: Failed to update chart series
Error: Collection was modified after the enumerator was instantiated.
Stack Trace:    at System.ThrowHelper.ThrowInvalidOperationException(ExceptionResource resource)
   at System.Collections.Generic.Queue`1.Enumerator.MoveNext()
   at Telemetry_demo.UserControl3.UpdateChartSeries(Chart chart, Dictionary`2 channelSeries, Dictionary`2 allChannelData, Dictionary`2 channelCheckBoxes) in C:\LAUKIK\Telemetry\Telemetry-Viewer\Telemetry_demo\Telemetry_demo\Plotting Page.cs:line 369

[2025-06-13 15:00:32] ERROR: Failed to update chart series
Error: Collection was modified after the enumerator was instantiated.
Stack Trace:    at System.ThrowHelper.ThrowInvalidOperationException(ExceptionResource resource)
   at System.Collections.Generic.Queue`1.Enumerator.MoveNext()
   at Telemetry_demo.UserControl3.UpdateChartSeries(Chart chart, Dictionary`2 channelSeries, Dictionary`2 allChannelData, Dictionary`2 channelCheckBoxes) in C:\LAUKIK\Telemetry\Telemetry-Viewer\Telemetry_demo\Telemetry_demo\Plotting Page.cs:line 369

[2025-06-13 15:00:32] ERROR: Failed to update chart series
Error: Collection was modified after the enumerator was instantiated.
Stack Trace:    at System.ThrowHelper.ThrowInvalidOperationException(ExceptionResource resource)
   at System.Collections.Generic.Queue`1.Enumerator.MoveNext()
   at Telemetry_demo.UserControl3.UpdateChartSeries(Chart chart, Dictionary`2 channelSeries, Dictionary`2 allChannelData, Dictionary`2 channelCheckBoxes) in C:\LAUKIK\Telemetry\Telemetry-Viewer\Telemetry_demo\Telemetry_demo\Plotting Page.cs:line 369

[2025-06-13 15:00:32] ERROR: Failed to update chart series
Error: Collection was modified after the enumerator was instantiated.
Stack Trace:    at System.ThrowHelper.ThrowInvalidOperationException(ExceptionResource resource)
   at System.Collections.Generic.Queue`1.Enumerator.MoveNext()
   at Telemetry_demo.UserControl3.UpdateChartSeries(Chart chart, Dictionary`2 channelSeries, Dictionary`2 allChannelData, Dictionary`2 channelCheckBoxes) in C:\LAUKIK\Telemetry\Telemetry-Viewer\Telemetry_demo\Telemetry_demo\Plotting Page.cs:line 369

[2025-06-13 15:00:32] ERROR: Failed to update chart series
Error: Collection was modified after the enumerator was instantiated.
Stack Trace:    at System.ThrowHelper.ThrowInvalidOperationException(ExceptionResource resource)
   at System.Collections.Generic.Queue`1.Enumerator.MoveNext()
   at Telemetry_demo.UserControl3.UpdateChartSeries(Chart chart, Dictionary`2 channelSeries, Dictionary`2 allChannelData, Dictionary`2 channelCheckBoxes) in C:\LAUKIK\Telemetry\Telemetry-Viewer\Telemetry_demo\Telemetry_demo\Plotting Page.cs:line 369

[2025-06-13 15:00:33] ERROR: Failed to update chart series
Error: Collection was modified after the enumerator was instantiated.
Stack Trace:    at System.ThrowHelper.ThrowInvalidOperationException(ExceptionResource resource)
   at System.Collections.Generic.Queue`1.Enumerator.MoveNext()
   at Telemetry_demo.UserControl3.UpdateChartSeries(Chart chart, Dictionary`2 channelSeries, Dictionary`2 allChannelData, Dictionary`2 channelCheckBoxes) in C:\LAUKIK\Telemetry\Telemetry-Viewer\Telemetry_demo\Telemetry_demo\Plotting Page.cs:line 369

[2025-06-13 15:00:33] ERROR: Failed to update chart series
Error: Collection was modified after the enumerator was instantiated.
Stack Trace:    at System.ThrowHelper.ThrowInvalidOperationException(ExceptionResource resource)
   at System.Collections.Generic.Queue`1.Enumerator.MoveNext()
   at Telemetry_demo.UserControl3.UpdateChartSeries(Chart chart, Dictionary`2 channelSeries, Dictionary`2 allChannelData, Dictionary`2 channelCheckBoxes) in C:\LAUKIK\Telemetry\Telemetry-Viewer\Telemetry_demo\Telemetry_demo\Plotting Page.cs:line 369

[2025-06-13 15:00:33] ERROR: Failed to update chart series
Error: Collection was modified after the enumerator was instantiated.
Stack Trace:    at System.ThrowHelper.ThrowInvalidOperationException(ExceptionResource resource)
   at System.Collections.Generic.Queue`1.Enumerator.MoveNext()
   at Telemetry_demo.UserControl3.UpdateChartSeries(Chart chart, Dictionary`2 channelSeries, Dictionary`2 allChannelData, Dictionary`2 channelCheckBoxes) in C:\LAUKIK\Telemetry\Telemetry-Viewer\Telemetry_demo\Telemetry_demo\Plotting Page.cs:line 369

[2025-06-13 15:00:33] ERROR: Failed to update chart series
Error: Collection was modified after the enumerator was instantiated.
Stack Trace:    at System.ThrowHelper.ThrowInvalidOperationException(ExceptionResource resource)
   at System.Collections.Generic.Queue`1.Enumerator.MoveNext()
   at Telemetry_demo.UserControl3.UpdateChartSeries(Chart chart, Dictionary`2 channelSeries, Dictionary`2 allChannelData, Dictionary`2 channelCheckBoxes) in C:\LAUKIK\Telemetry\Telemetry-Viewer\Telemetry_demo\Telemetry_demo\Plotting Page.cs:line 369

[2025-06-13 15:00:33] ERROR: Failed to update chart series
Error: Collection was modified after the enumerator was instantiated.
Stack Trace:    at System.ThrowHelper.ThrowInvalidOperationException(ExceptionResource resource)
   at System.Collections.Generic.Queue`1.Enumerator.MoveNext()
   at Telemetry_demo.UserControl3.UpdateChartSeries(Chart chart, Dictionary`2 channelSeries, Dictionary`2 allChannelData, Dictionary`2 channelCheckBoxes) in C:\LAUKIK\Telemetry\Telemetry-Viewer\Telemetry_demo\Telemetry_demo\Plotting Page.cs:line 369

[2025-06-13 15:00:33] ERROR: Failed to update chart series
Error: Collection was modified after the enumerator was instantiated.
Stack Trace:    at System.ThrowHelper.ThrowInvalidOperationException(ExceptionResource resource)
   at System.Collections.Generic.Queue`1.Enumerator.MoveNext()
   at Telemetry_demo.UserControl3.UpdateChartSeries(Chart chart, Dictionary`2 channelSeries, Dictionary`2 allChannelData, Dictionary`2 channelCheckBoxes) in C:\LAUKIK\Telemetry\Telemetry-Viewer\Telemetry_demo\Telemetry_demo\Plotting Page.cs:line 369

[2025-06-13 15:00:34] ERROR: Failed to update chart series
Error: Collection was modified after the enumerator was instantiated.
Stack Trace:    at System.ThrowHelper.ThrowInvalidOperationException(ExceptionResource resource)
   at System.Collections.Generic.Queue`1.Enumerator.MoveNext()
   at Telemetry_demo.UserControl3.UpdateChartSeries(Chart chart, Dictionary`2 channelSeries, Dictionary`2 allChannelData, Dictionary`2 channelCheckBoxes) in C:\LAUKIK\Telemetry\Telemetry-Viewer\Telemetry_demo\Telemetry_demo\Plotting Page.cs:line 369

[2025-06-13 15:00:34] ERROR: Failed to update chart series
Error: Collection was modified after the enumerator was instantiated.
Stack Trace:    at System.ThrowHelper.ThrowInvalidOperationException(ExceptionResource resource)
   at System.Collections.Generic.Queue`1.Enumerator.MoveNext()
   at Telemetry_demo.UserControl3.UpdateChartSeries(Chart chart, Dictionary`2 channelSeries, Dictionary`2 allChannelData, Dictionary`2 channelCheckBoxes) in C:\LAUKIK\Telemetry\Telemetry-Viewer\Telemetry_demo\Telemetry_demo\Plotting Page.cs:line 369

[2025-06-13 15:00:34] ERROR: Failed to update chart series
Error: Collection was modified after the enumerator was instantiated.
Stack Trace:    at System.ThrowHelper.ThrowInvalidOperationException(ExceptionResource resource)
   at System.Collections.Generic.Queue`1.Enumerator.MoveNext()
   at Telemetry_demo.UserControl3.UpdateChartSeries(Chart chart, Dictionary`2 channelSeries, Dictionary`2 allChannelData, Dictionary`2 channelCheckBoxes) in C:\LAUKIK\Telemetry\Telemetry-Viewer\Telemetry_demo\Telemetry_demo\Plotting Page.cs:line 369

[2025-06-13 15:00:34] ERROR: Failed to update chart series
Error: Collection was modified after the enumerator was instantiated.
Stack Trace:    at System.ThrowHelper.ThrowInvalidOperationException(ExceptionResource resource)
   at System.Collections.Generic.Queue`1.Enumerator.MoveNext()
   at Telemetry_demo.UserControl3.UpdateChartSeries(Chart chart, Dictionary`2 channelSeries, Dictionary`2 allChannelData, Dictionary`2 channelCheckBoxes) in C:\LAUKIK\Telemetry\Telemetry-Viewer\Telemetry_demo\Telemetry_demo\Plotting Page.cs:line 369

[2025-06-13 15:00:34] ERROR: Failed to update chart series
Error: Collection was modified after the enumerator was instantiated.
Stack Trace:    at System.ThrowHelper.ThrowInvalidOperationException(ExceptionResource resource)
   at System.Collections.Generic.Queue`1.Enumerator.MoveNext()
   at Telemetry_demo.UserControl3.UpdateChartSeries(Chart chart, Dictionary`2 channelSeries, Dictionary`2 allChannelData, Dictionary`2 channelCheckBoxes) in C:\LAUKIK\Telemetry\Telemetry-Viewer\Telemetry_demo\Telemetry_demo\Plotting Page.cs:line 369

[2025-06-13 15:00:34] ERROR: Failed to update chart series
Error: Collection was modified after the enumerator was instantiated.
Stack Trace:    at System.ThrowHelper.ThrowInvalidOperationException(ExceptionResource resource)
   at System.Collections.Generic.Queue`1.Enumerator.MoveNext()
   at Telemetry_demo.UserControl3.UpdateChartSeries(Chart chart, Dictionary`2 channelSeries, Dictionary`2 allChannelData, Dictionary`2 channelCheckBoxes) in C:\LAUKIK\Telemetry\Telemetry-Viewer\Telemetry_demo\Telemetry_demo\Plotting Page.cs:line 369

[2025-06-13 15:00:35] ERROR: Failed to update chart series
Error: Collection was modified after the enumerator was instantiated.
Stack Trace:    at System.ThrowHelper.ThrowInvalidOperationException(ExceptionResource resource)
   at System.Collections.Generic.Queue`1.Enumerator.MoveNext()
   at Telemetry_demo.UserControl3.UpdateChartSeries(Chart chart, Dictionary`2 channelSeries, Dictionary`2 allChannelData, Dictionary`2 channelCheckBoxes) in C:\LAUKIK\Telemetry\Telemetry-Viewer\Telemetry_demo\Telemetry_demo\Plotting Page.cs:line 369

[2025-06-13 15:00:35] ERROR: Failed to update chart series
Error: Collection was modified after the enumerator was instantiated.
Stack Trace:    at System.ThrowHelper.ThrowInvalidOperationException(ExceptionResource resource)
   at System.Collections.Generic.Queue`1.Enumerator.MoveNext()
   at Telemetry_demo.UserControl3.UpdateChartSeries(Chart chart, Dictionary`2 channelSeries, Dictionary`2 allChannelData, Dictionary`2 channelCheckBoxes) in C:\LAUKIK\Telemetry\Telemetry-Viewer\Telemetry_demo\Telemetry_demo\Plotting Page.cs:line 369

[2025-06-13 15:01:33] ERROR: Failed to update chart series
Error: Collection was modified after the enumerator was instantiated.
Stack Trace:    at System.ThrowHelper.ThrowInvalidOperationException(ExceptionResource resource)
   at System.Collections.Generic.Queue`1.Enumerator.MoveNext()
   at Telemetry_demo.UserControl3.UpdateChartSeries(Chart chart, Dictionary`2 channelSeries, Dictionary`2 allChannelData, Dictionary`2 channelCheckBoxes) in C:\LAUKIK\Telemetry\Telemetry-Viewer\Telemetry_demo\Telemetry_demo\Plotting Page.cs:line 369

[2025-06-13 15:01:33] ERROR: Failed to update chart series
Error: Collection was modified after the enumerator was instantiated.
Stack Trace:    at System.ThrowHelper.ThrowInvalidOperationException(ExceptionResource resource)
   at System.Collections.Generic.Queue`1.Enumerator.MoveNext()
   at Telemetry_demo.UserControl3.UpdateChartSeries(Chart chart, Dictionary`2 channelSeries, Dictionary`2 allChannelData, Dictionary`2 channelCheckBoxes) in C:\LAUKIK\Telemetry\Telemetry-Viewer\Telemetry_demo\Telemetry_demo\Plotting Page.cs:line 369

[2025-06-13 15:01:33] ERROR: Failed to update chart series
Error: Collection was modified after the enumerator was instantiated.
Stack Trace:    at System.ThrowHelper.ThrowInvalidOperationException(ExceptionResource resource)
   at System.Collections.Generic.Queue`1.Enumerator.MoveNext()
   at Telemetry_demo.UserControl3.UpdateChartSeries(Chart chart, Dictionary`2 channelSeries, Dictionary`2 allChannelData, Dictionary`2 channelCheckBoxes) in C:\LAUKIK\Telemetry\Telemetry-Viewer\Telemetry_demo\Telemetry_demo\Plotting Page.cs:line 369

[2025-06-13 15:01:33] ERROR: Failed to update chart series
Error: Collection was modified after the enumerator was instantiated.
Stack Trace:    at System.ThrowHelper.ThrowInvalidOperationException(ExceptionResource resource)
   at System.Collections.Generic.Queue`1.Enumerator.MoveNext()
   at Telemetry_demo.UserControl3.UpdateChartSeries(Chart chart, Dictionary`2 channelSeries, Dictionary`2 allChannelData, Dictionary`2 channelCheckBoxes) in C:\LAUKIK\Telemetry\Telemetry-Viewer\Telemetry_demo\Telemetry_demo\Plotting Page.cs:line 369

[2025-06-13 15:01:33] ERROR: Failed to update chart series
Error: Collection was modified after the enumerator was instantiated.
Stack Trace:    at System.ThrowHelper.ThrowInvalidOperationException(ExceptionResource resource)
   at System.Collections.Generic.Queue`1.Enumerator.MoveNext()
   at Telemetry_demo.UserControl3.UpdateChartSeries(Chart chart, Dictionary`2 channelSeries, Dictionary`2 allChannelData, Dictionary`2 channelCheckBoxes) in C:\LAUKIK\Telemetry\Telemetry-Viewer\Telemetry_demo\Telemetry_demo\Plotting Page.cs:line 369

[2025-06-13 15:01:33] ERROR: Failed to update chart series
Error: Collection was modified after the enumerator was instantiated.
Stack Trace:    at System.ThrowHelper.ThrowInvalidOperationException(ExceptionResource resource)
   at System.Collections.Generic.Queue`1.Enumerator.MoveNext()
   at Telemetry_demo.UserControl3.UpdateChartSeries(Chart chart, Dictionary`2 channelSeries, Dictionary`2 allChannelData, Dictionary`2 channelCheckBoxes) in C:\LAUKIK\Telemetry\Telemetry-Viewer\Telemetry_demo\Telemetry_demo\Plotting Page.cs:line 369

[2025-06-13 15:01:34] ERROR: Failed to update chart series
Error: Collection was modified after the enumerator was instantiated.
Stack Trace:    at System.ThrowHelper.ThrowInvalidOperationException(ExceptionResource resource)
   at System.Collections.Generic.Queue`1.Enumerator.MoveNext()
   at Telemetry_demo.UserControl3.UpdateChartSeries(Chart chart, Dictionary`2 channelSeries, Dictionary`2 allChannelData, Dictionary`2 channelCheckBoxes) in C:\LAUKIK\Telemetry\Telemetry-Viewer\Telemetry_demo\Telemetry_demo\Plotting Page.cs:line 369

[2025-06-13 15:01:34] ERROR: Failed to update chart series
Error: Collection was modified after the enumerator was instantiated.
Stack Trace:    at System.ThrowHelper.ThrowInvalidOperationException(ExceptionResource resource)
   at System.Collections.Generic.Queue`1.Enumerator.MoveNext()
   at Telemetry_demo.UserControl3.UpdateChartSeries(Chart chart, Dictionary`2 channelSeries, Dictionary`2 allChannelData, Dictionary`2 channelCheckBoxes) in C:\LAUKIK\Telemetry\Telemetry-Viewer\Telemetry_demo\Telemetry_demo\Plotting Page.cs:line 369

[2025-06-13 15:01:34] ERROR: Failed to update chart series
Error: Collection was modified after the enumerator was instantiated.
Stack Trace:    at System.ThrowHelper.ThrowInvalidOperationException(ExceptionResource resource)
   at System.Collections.Generic.Queue`1.Enumerator.MoveNext()
   at Telemetry_demo.UserControl3.UpdateChartSeries(Chart chart, Dictionary`2 channelSeries, Dictionary`2 allChannelData, Dictionary`2 channelCheckBoxes) in C:\LAUKIK\Telemetry\Telemetry-Viewer\Telemetry_demo\Telemetry_demo\Plotting Page.cs:line 369

[2025-06-13 15:01:34] ERROR: Failed to update chart series
Error: Collection was modified after the enumerator was instantiated.
Stack Trace:    at System.ThrowHelper.ThrowInvalidOperationException(ExceptionResource resource)
   at System.Collections.Generic.Queue`1.Enumerator.MoveNext()
   at Telemetry_demo.UserControl3.UpdateChartSeries(Chart chart, Dictionary`2 channelSeries, Dictionary`2 allChannelData, Dictionary`2 channelCheckBoxes) in C:\LAUKIK\Telemetry\Telemetry-Viewer\Telemetry_demo\Telemetry_demo\Plotting Page.cs:line 369

[2025-06-13 15:01:34] ERROR: Failed to update chart series
Error: Collection was modified after the enumerator was instantiated.
Stack Trace:    at System.ThrowHelper.ThrowInvalidOperationException(ExceptionResource resource)
   at System.Collections.Generic.Queue`1.Enumerator.MoveNext()
   at Telemetry_demo.UserControl3.UpdateChartSeries(Chart chart, Dictionary`2 channelSeries, Dictionary`2 allChannelData, Dictionary`2 channelCheckBoxes) in C:\LAUKIK\Telemetry\Telemetry-Viewer\Telemetry_demo\Telemetry_demo\Plotting Page.cs:line 369

[2025-06-13 15:01:34] ERROR: Failed to update chart series
Error: Collection was modified after the enumerator was instantiated.
Stack Trace:    at System.ThrowHelper.ThrowInvalidOperationException(ExceptionResource resource)
   at System.Collections.Generic.Queue`1.Enumerator.MoveNext()
   at Telemetry_demo.UserControl3.UpdateChartSeries(Chart chart, Dictionary`2 channelSeries, Dictionary`2 allChannelData, Dictionary`2 channelCheckBoxes) in C:\LAUKIK\Telemetry\Telemetry-Viewer\Telemetry_demo\Telemetry_demo\Plotting Page.cs:line 369

[2025-06-13 15:01:34] ERROR: Failed to update chart series
Error: Collection was modified after the enumerator was instantiated.
Stack Trace:    at System.ThrowHelper.ThrowInvalidOperationException(ExceptionResource resource)
   at System.Collections.Generic.Queue`1.Enumerator.MoveNext()
   at Telemetry_demo.UserControl3.UpdateChartSeries(Chart chart, Dictionary`2 channelSeries, Dictionary`2 allChannelData, Dictionary`2 channelCheckBoxes) in C:\LAUKIK\Telemetry\Telemetry-Viewer\Telemetry_demo\Telemetry_demo\Plotting Page.cs:line 369

[2025-06-13 15:01:34] ERROR: Failed to update chart series
Error: Collection was modified after the enumerator was instantiated.
Stack Trace:    at System.ThrowHelper.ThrowInvalidOperationException(ExceptionResource resource)
   at System.Collections.Generic.Queue`1.Enumerator.MoveNext()
   at Telemetry_demo.UserControl3.UpdateChartSeries(Chart chart, Dictionary`2 channelSeries, Dictionary`2 allChannelData, Dictionary`2 channelCheckBoxes) in C:\LAUKIK\Telemetry\Telemetry-Viewer\Telemetry_demo\Telemetry_demo\Plotting Page.cs:line 369

[2025-06-13 15:01:34] ERROR: Failed to update chart series
Error: Collection was modified after the enumerator was instantiated.
Stack Trace:    at System.ThrowHelper.ThrowInvalidOperationException(ExceptionResource resource)
   at System.Collections.Generic.Queue`1.Enumerator.MoveNext()
   at Telemetry_demo.UserControl3.UpdateChartSeries(Chart chart, Dictionary`2 channelSeries, Dictionary`2 allChannelData, Dictionary`2 channelCheckBoxes) in C:\LAUKIK\Telemetry\Telemetry-Viewer\Telemetry_demo\Telemetry_demo\Plotting Page.cs:line 369

[2025-06-13 15:01:34] ERROR: Failed to update chart series
Error: Collection was modified after the enumerator was instantiated.
Stack Trace:    at System.ThrowHelper.ThrowInvalidOperationException(ExceptionResource resource)
   at System.Collections.Generic.Queue`1.Enumerator.MoveNext()
   at Telemetry_demo.UserControl3.UpdateChartSeries(Chart chart, Dictionary`2 channelSeries, Dictionary`2 allChannelData, Dictionary`2 channelCheckBoxes) in C:\LAUKIK\Telemetry\Telemetry-Viewer\Telemetry_demo\Telemetry_demo\Plotting Page.cs:line 369

[2025-06-13 15:01:34] ERROR: Failed to update chart series
Error: Collection was modified after the enumerator was instantiated.
Stack Trace:    at System.ThrowHelper.ThrowInvalidOperationException(ExceptionResource resource)
   at System.Collections.Generic.Queue`1.Enumerator.MoveNext()
   at Telemetry_demo.UserControl3.UpdateChartSeries(Chart chart, Dictionary`2 channelSeries, Dictionary`2 allChannelData, Dictionary`2 channelCheckBoxes) in C:\LAUKIK\Telemetry\Telemetry-Viewer\Telemetry_demo\Telemetry_demo\Plotting Page.cs:line 369

[2025-06-13 15:01:34] ERROR: Failed to update chart series
Error: Collection was modified after the enumerator was instantiated.
Stack Trace:    at System.ThrowHelper.ThrowInvalidOperationException(ExceptionResource resource)
   at System.Collections.Generic.Queue`1.Enumerator.MoveNext()
   at Telemetry_demo.UserControl3.UpdateChartSeries(Chart chart, Dictionary`2 channelSeries, Dictionary`2 allChannelData, Dictionary`2 channelCheckBoxes) in C:\LAUKIK\Telemetry\Telemetry-Viewer\Telemetry_demo\Telemetry_demo\Plotting Page.cs:line 369

[2025-06-13 15:01:35] ERROR: Failed to update chart series
Error: Collection was modified after the enumerator was instantiated.
Stack Trace:    at System.ThrowHelper.ThrowInvalidOperationException(ExceptionResource resource)
   at System.Collections.Generic.Queue`1.Enumerator.MoveNext()
   at Telemetry_demo.UserControl3.UpdateChartSeries(Chart chart, Dictionary`2 channelSeries, Dictionary`2 allChannelData, Dictionary`2 channelCheckBoxes) in C:\LAUKIK\Telemetry\Telemetry-Viewer\Telemetry_demo\Telemetry_demo\Plotting Page.cs:line 369

[2025-06-13 15:01:35] ERROR: Failed to update chart series
Error: Collection was modified after the enumerator was instantiated.
Stack Trace:    at System.ThrowHelper.ThrowInvalidOperationException(ExceptionResource resource)
   at System.Collections.Generic.Queue`1.Enumerator.MoveNext()
   at Telemetry_demo.UserControl3.UpdateChartSeries(Chart chart, Dictionary`2 channelSeries, Dictionary`2 allChannelData, Dictionary`2 channelCheckBoxes) in C:\LAUKIK\Telemetry\Telemetry-Viewer\Telemetry_demo\Telemetry_demo\Plotting Page.cs:line 369

[2025-06-13 15:01:35] ERROR: Failed to update chart series
Error: Collection was modified after the enumerator was instantiated.
Stack Trace:    at System.ThrowHelper.ThrowInvalidOperationException(ExceptionResource resource)
   at System.Collections.Generic.Queue`1.Enumerator.MoveNext()
   at Telemetry_demo.UserControl3.UpdateChartSeries(Chart chart, Dictionary`2 channelSeries, Dictionary`2 allChannelData, Dictionary`2 channelCheckBoxes) in C:\LAUKIK\Telemetry\Telemetry-Viewer\Telemetry_demo\Telemetry_demo\Plotting Page.cs:line 369

[2025-06-13 15:01:35] ERROR: Failed to update chart series
Error: Collection was modified after the enumerator was instantiated.
Stack Trace:    at System.ThrowHelper.ThrowInvalidOperationException(ExceptionResource resource)
   at System.Collections.Generic.Queue`1.Enumerator.MoveNext()
   at Telemetry_demo.UserControl3.UpdateChartSeries(Chart chart, Dictionary`2 channelSeries, Dictionary`2 allChannelData, Dictionary`2 channelCheckBoxes) in C:\LAUKIK\Telemetry\Telemetry-Viewer\Telemetry_demo\Telemetry_demo\Plotting Page.cs:line 369

[2025-06-13 15:01:35] ERROR: Failed to update chart series
Error: Collection was modified after the enumerator was instantiated.
Stack Trace:    at System.ThrowHelper.ThrowInvalidOperationException(ExceptionResource resource)
   at System.Collections.Generic.Queue`1.Enumerator.MoveNext()
   at Telemetry_demo.UserControl3.UpdateChartSeries(Chart chart, Dictionary`2 channelSeries, Dictionary`2 allChannelData, Dictionary`2 channelCheckBoxes) in C:\LAUKIK\Telemetry\Telemetry-Viewer\Telemetry_demo\Telemetry_demo\Plotting Page.cs:line 369

[2025-06-13 15:01:35] ERROR: Failed to update chart series
Error: Collection was modified after the enumerator was instantiated.
Stack Trace:    at System.ThrowHelper.ThrowInvalidOperationException(ExceptionResource resource)
   at System.Collections.Generic.Queue`1.Enumerator.MoveNext()
   at Telemetry_demo.UserControl3.UpdateChartSeries(Chart chart, Dictionary`2 channelSeries, Dictionary`2 allChannelData, Dictionary`2 channelCheckBoxes) in C:\LAUKIK\Telemetry\Telemetry-Viewer\Telemetry_demo\Telemetry_demo\Plotting Page.cs:line 369

[2025-06-13 15:01:35] ERROR: Failed to update chart series
Error: Collection was modified after the enumerator was instantiated.
Stack Trace:    at System.ThrowHelper.ThrowInvalidOperationException(ExceptionResource resource)
   at System.Collections.Generic.Queue`1.Enumerator.MoveNext()
   at Telemetry_demo.UserControl3.UpdateChartSeries(Chart chart, Dictionary`2 channelSeries, Dictionary`2 allChannelData, Dictionary`2 channelCheckBoxes) in C:\LAUKIK\Telemetry\Telemetry-Viewer\Telemetry_demo\Telemetry_demo\Plotting Page.cs:line 369

[2025-06-13 15:01:35] ERROR: Failed to update chart series
Error: Collection was modified after the enumerator was instantiated.
Stack Trace:    at System.ThrowHelper.ThrowInvalidOperationException(ExceptionResource resource)
   at System.Collections.Generic.Queue`1.Enumerator.MoveNext()
   at Telemetry_demo.UserControl3.UpdateChartSeries(Chart chart, Dictionary`2 channelSeries, Dictionary`2 allChannelData, Dictionary`2 channelCheckBoxes) in C:\LAUKIK\Telemetry\Telemetry-Viewer\Telemetry_demo\Telemetry_demo\Plotting Page.cs:line 369

[2025-06-13 15:01:35] ERROR: Failed to update chart series
Error: Collection was modified after the enumerator was instantiated.
Stack Trace:    at System.ThrowHelper.ThrowInvalidOperationException(ExceptionResource resource)
   at System.Collections.Generic.Queue`1.Enumerator.MoveNext()
   at Telemetry_demo.UserControl3.UpdateChartSeries(Chart chart, Dictionary`2 channelSeries, Dictionary`2 allChannelData, Dictionary`2 channelCheckBoxes) in C:\LAUKIK\Telemetry\Telemetry-Viewer\Telemetry_demo\Telemetry_demo\Plotting Page.cs:line 369

[2025-06-13 15:01:35] ERROR: Failed to update chart series
Error: Collection was modified after the enumerator was instantiated.
Stack Trace:    at System.ThrowHelper.ThrowInvalidOperationException(ExceptionResource resource)
   at System.Collections.Generic.Queue`1.Enumerator.MoveNext()
   at Telemetry_demo.UserControl3.UpdateChartSeries(Chart chart, Dictionary`2 channelSeries, Dictionary`2 allChannelData, Dictionary`2 channelCheckBoxes) in C:\LAUKIK\Telemetry\Telemetry-Viewer\Telemetry_demo\Telemetry_demo\Plotting Page.cs:line 369

[2025-06-13 15:01:36] ERROR: Failed to update chart series
Error: Collection was modified after the enumerator was instantiated.
Stack Trace:    at System.ThrowHelper.ThrowInvalidOperationException(ExceptionResource resource)
   at System.Collections.Generic.Queue`1.Enumerator.MoveNext()
   at Telemetry_demo.UserControl3.UpdateChartSeries(Chart chart, Dictionary`2 channelSeries, Dictionary`2 allChannelData, Dictionary`2 channelCheckBoxes) in C:\LAUKIK\Telemetry\Telemetry-Viewer\Telemetry_demo\Telemetry_demo\Plotting Page.cs:line 369

[2025-06-13 15:01:36] ERROR: Failed to update chart series
Error: Collection was modified after the enumerator was instantiated.
Stack Trace:    at System.ThrowHelper.ThrowInvalidOperationException(ExceptionResource resource)
   at System.Collections.Generic.Queue`1.Enumerator.MoveNext()
   at Telemetry_demo.UserControl3.UpdateChartSeries(Chart chart, Dictionary`2 channelSeries, Dictionary`2 allChannelData, Dictionary`2 channelCheckBoxes) in C:\LAUKIK\Telemetry\Telemetry-Viewer\Telemetry_demo\Telemetry_demo\Plotting Page.cs:line 369

[2025-06-13 15:01:36] ERROR: Failed to update chart series
Error: Collection was modified after the enumerator was instantiated.
Stack Trace:    at System.ThrowHelper.ThrowInvalidOperationException(ExceptionResource resource)
   at System.Collections.Generic.Queue`1.Enumerator.MoveNext()
   at Telemetry_demo.UserControl3.UpdateChartSeries(Chart chart, Dictionary`2 channelSeries, Dictionary`2 allChannelData, Dictionary`2 channelCheckBoxes) in C:\LAUKIK\Telemetry\Telemetry-Viewer\Telemetry_demo\Telemetry_demo\Plotting Page.cs:line 369

[2025-06-13 15:01:36] ERROR: Failed to update chart series
Error: Collection was modified after the enumerator was instantiated.
Stack Trace:    at System.ThrowHelper.ThrowInvalidOperationException(ExceptionResource resource)
   at System.Collections.Generic.Queue`1.Enumerator.MoveNext()
   at Telemetry_demo.UserControl3.UpdateChartSeries(Chart chart, Dictionary`2 channelSeries, Dictionary`2 allChannelData, Dictionary`2 channelCheckBoxes) in C:\LAUKIK\Telemetry\Telemetry-Viewer\Telemetry_demo\Telemetry_demo\Plotting Page.cs:line 369

[2025-06-13 15:01:36] ERROR: Failed to update chart series
Error: Collection was modified after the enumerator was instantiated.
Stack Trace:    at System.ThrowHelper.ThrowInvalidOperationException(ExceptionResource resource)
   at System.Collections.Generic.Queue`1.Enumerator.MoveNext()
   at Telemetry_demo.UserControl3.UpdateChartSeries(Chart chart, Dictionary`2 channelSeries, Dictionary`2 allChannelData, Dictionary`2 channelCheckBoxes) in C:\LAUKIK\Telemetry\Telemetry-Viewer\Telemetry_demo\Telemetry_demo\Plotting Page.cs:line 369

[2025-06-13 15:01:36] ERROR: Failed to update chart series
Error: Collection was modified after the enumerator was instantiated.
Stack Trace:    at System.ThrowHelper.ThrowInvalidOperationException(ExceptionResource resource)
   at System.Collections.Generic.Queue`1.Enumerator.MoveNext()
   at Telemetry_demo.UserControl3.UpdateChartSeries(Chart chart, Dictionary`2 channelSeries, Dictionary`2 allChannelData, Dictionary`2 channelCheckBoxes) in C:\LAUKIK\Telemetry\Telemetry-Viewer\Telemetry_demo\Telemetry_demo\Plotting Page.cs:line 369

[2025-06-13 15:01:37] ERROR: Failed to update chart series
Error: Collection was modified after the enumerator was instantiated.
Stack Trace:    at System.ThrowHelper.ThrowInvalidOperationException(ExceptionResource resource)
   at System.Collections.Generic.Queue`1.Enumerator.MoveNext()
   at Telemetry_demo.UserControl3.UpdateChartSeries(Chart chart, Dictionary`2 channelSeries, Dictionary`2 allChannelData, Dictionary`2 channelCheckBoxes) in C:\LAUKIK\Telemetry\Telemetry-Viewer\Telemetry_demo\Telemetry_demo\Plotting Page.cs:line 369

[2025-06-13 15:01:37] ERROR: Failed to update chart series
Error: Collection was modified after the enumerator was instantiated.
Stack Trace:    at System.ThrowHelper.ThrowInvalidOperationException(ExceptionResource resource)
   at System.Collections.Generic.Queue`1.Enumerator.MoveNext()
   at Telemetry_demo.UserControl3.UpdateChartSeries(Chart chart, Dictionary`2 channelSeries, Dictionary`2 allChannelData, Dictionary`2 channelCheckBoxes) in C:\LAUKIK\Telemetry\Telemetry-Viewer\Telemetry_demo\Telemetry_demo\Plotting Page.cs:line 369

[2025-06-13 15:01:37] ERROR: Failed to update chart series
Error: Collection was modified after the enumerator was instantiated.
Stack Trace:    at System.ThrowHelper.ThrowInvalidOperationException(ExceptionResource resource)
   at System.Collections.Generic.Queue`1.Enumerator.MoveNext()
   at Telemetry_demo.UserControl3.UpdateChartSeries(Chart chart, Dictionary`2 channelSeries, Dictionary`2 allChannelData, Dictionary`2 channelCheckBoxes) in C:\LAUKIK\Telemetry\Telemetry-Viewer\Telemetry_demo\Telemetry_demo\Plotting Page.cs:line 369

[2025-06-13 15:01:37] ERROR: Failed to update chart series
Error: Collection was modified after the enumerator was instantiated.
Stack Trace:    at System.ThrowHelper.ThrowInvalidOperationException(ExceptionResource resource)
   at System.Collections.Generic.Queue`1.Enumerator.MoveNext()
   at Telemetry_demo.UserControl3.UpdateChartSeries(Chart chart, Dictionary`2 channelSeries, Dictionary`2 allChannelData, Dictionary`2 channelCheckBoxes) in C:\LAUKIK\Telemetry\Telemetry-Viewer\Telemetry_demo\Telemetry_demo\Plotting Page.cs:line 369

[2025-06-13 15:01:37] ERROR: Failed to update chart series
Error: Collection was modified after the enumerator was instantiated.
Stack Trace:    at System.ThrowHelper.ThrowInvalidOperationException(ExceptionResource resource)
   at System.Collections.Generic.Queue`1.Enumerator.MoveNext()
   at Telemetry_demo.UserControl3.UpdateChartSeries(Chart chart, Dictionary`2 channelSeries, Dictionary`2 allChannelData, Dictionary`2 channelCheckBoxes) in C:\LAUKIK\Telemetry\Telemetry-Viewer\Telemetry_demo\Telemetry_demo\Plotting Page.cs:line 369

[2025-06-13 15:01:37] ERROR: Failed to update chart series
Error: Collection was modified after the enumerator was instantiated.
Stack Trace:    at System.ThrowHelper.ThrowInvalidOperationException(ExceptionResource resource)
   at System.Collections.Generic.Queue`1.Enumerator.MoveNext()
   at Telemetry_demo.UserControl3.UpdateChartSeries(Chart chart, Dictionary`2 channelSeries, Dictionary`2 allChannelData, Dictionary`2 channelCheckBoxes) in C:\LAUKIK\Telemetry\Telemetry-Viewer\Telemetry_demo\Telemetry_demo\Plotting Page.cs:line 369

[2025-06-13 15:01:37] ERROR: Failed to update chart series
Error: Collection was modified after the enumerator was instantiated.
Stack Trace:    at System.ThrowHelper.ThrowInvalidOperationException(ExceptionResource resource)
   at System.Collections.Generic.Queue`1.Enumerator.MoveNext()
   at Telemetry_demo.UserControl3.UpdateChartSeries(Chart chart, Dictionary`2 channelSeries, Dictionary`2 allChannelData, Dictionary`2 channelCheckBoxes) in C:\LAUKIK\Telemetry\Telemetry-Viewer\Telemetry_demo\Telemetry_demo\Plotting Page.cs:line 369

[2025-06-13 15:01:37] ERROR: Failed to update chart series
Error: Collection was modified after the enumerator was instantiated.
Stack Trace:    at System.ThrowHelper.ThrowInvalidOperationException(ExceptionResource resource)
   at System.Collections.Generic.Queue`1.Enumerator.MoveNext()
   at Telemetry_demo.UserControl3.UpdateChartSeries(Chart chart, Dictionary`2 channelSeries, Dictionary`2 allChannelData, Dictionary`2 channelCheckBoxes) in C:\LAUKIK\Telemetry\Telemetry-Viewer\Telemetry_demo\Telemetry_demo\Plotting Page.cs:line 369

[2025-06-13 15:01:37] ERROR: Failed to update chart series
Error: Collection was modified after the enumerator was instantiated.
Stack Trace:    at System.ThrowHelper.ThrowInvalidOperationException(ExceptionResource resource)
   at System.Collections.Generic.Queue`1.Enumerator.MoveNext()
   at Telemetry_demo.UserControl3.UpdateChartSeries(Chart chart, Dictionary`2 channelSeries, Dictionary`2 allChannelData, Dictionary`2 channelCheckBoxes) in C:\LAUKIK\Telemetry\Telemetry-Viewer\Telemetry_demo\Telemetry_demo\Plotting Page.cs:line 369

[2025-06-13 15:01:37] ERROR: Failed to update chart series
Error: Collection was modified after the enumerator was instantiated.
Stack Trace:    at System.ThrowHelper.ThrowInvalidOperationException(ExceptionResource resource)
   at System.Collections.Generic.Queue`1.Enumerator.MoveNext()
   at Telemetry_demo.UserControl3.UpdateChartSeries(Chart chart, Dictionary`2 channelSeries, Dictionary`2 allChannelData, Dictionary`2 channelCheckBoxes) in C:\LAUKIK\Telemetry\Telemetry-Viewer\Telemetry_demo\Telemetry_demo\Plotting Page.cs:line 369

[2025-06-13 15:01:37] ERROR: Failed to update chart series
Error: Collection was modified after the enumerator was instantiated.
Stack Trace:    at System.ThrowHelper.ThrowInvalidOperationException(ExceptionResource resource)
   at System.Collections.Generic.Queue`1.Enumerator.MoveNext()
   at Telemetry_demo.UserControl3.UpdateChartSeries(Chart chart, Dictionary`2 channelSeries, Dictionary`2 allChannelData, Dictionary`2 channelCheckBoxes) in C:\LAUKIK\Telemetry\Telemetry-Viewer\Telemetry_demo\Telemetry_demo\Plotting Page.cs:line 369

[2025-06-13 15:01:38] ERROR: Failed to update chart series
Error: Collection was modified after the enumerator was instantiated.
Stack Trace:    at System.ThrowHelper.ThrowInvalidOperationException(ExceptionResource resource)
   at System.Collections.Generic.Queue`1.Enumerator.MoveNext()
   at Telemetry_demo.UserControl3.UpdateChartSeries(Chart chart, Dictionary`2 channelSeries, Dictionary`2 allChannelData, Dictionary`2 channelCheckBoxes) in C:\LAUKIK\Telemetry\Telemetry-Viewer\Telemetry_demo\Telemetry_demo\Plotting Page.cs:line 369

[2025-06-13 15:01:38] ERROR: Failed to update chart series
Error: Collection was modified after the enumerator was instantiated.
Stack Trace:    at System.ThrowHelper.ThrowInvalidOperationException(ExceptionResource resource)
   at System.Collections.Generic.Queue`1.Enumerator.MoveNext()
   at Telemetry_demo.UserControl3.UpdateChartSeries(Chart chart, Dictionary`2 channelSeries, Dictionary`2 allChannelData, Dictionary`2 channelCheckBoxes) in C:\LAUKIK\Telemetry\Telemetry-Viewer\Telemetry_demo\Telemetry_demo\Plotting Page.cs:line 369

[2025-06-13 15:01:38] ERROR: Failed to update chart series
Error: Collection was modified after the enumerator was instantiated.
Stack Trace:    at System.ThrowHelper.ThrowInvalidOperationException(ExceptionResource resource)
   at System.Collections.Generic.Queue`1.Enumerator.MoveNext()
   at Telemetry_demo.UserControl3.UpdateChartSeries(Chart chart, Dictionary`2 channelSeries, Dictionary`2 allChannelData, Dictionary`2 channelCheckBoxes) in C:\LAUKIK\Telemetry\Telemetry-Viewer\Telemetry_demo\Telemetry_demo\Plotting Page.cs:line 369

[2025-06-13 15:01:38] ERROR: Failed to update chart series
Error: Collection was modified after the enumerator was instantiated.
Stack Trace:    at System.ThrowHelper.ThrowInvalidOperationException(ExceptionResource resource)
   at System.Collections.Generic.Queue`1.Enumerator.MoveNext()
   at Telemetry_demo.UserControl3.UpdateChartSeries(Chart chart, Dictionary`2 channelSeries, Dictionary`2 allChannelData, Dictionary`2 channelCheckBoxes) in C:\LAUKIK\Telemetry\Telemetry-Viewer\Telemetry_demo\Telemetry_demo\Plotting Page.cs:line 369

[2025-06-13 15:01:38] ERROR: Failed to update chart series
Error: Collection was modified after the enumerator was instantiated.
Stack Trace:    at System.ThrowHelper.ThrowInvalidOperationException(ExceptionResource resource)
   at System.Collections.Generic.Queue`1.Enumerator.MoveNext()
   at Telemetry_demo.UserControl3.UpdateChartSeries(Chart chart, Dictionary`2 channelSeries, Dictionary`2 allChannelData, Dictionary`2 channelCheckBoxes) in C:\LAUKIK\Telemetry\Telemetry-Viewer\Telemetry_demo\Telemetry_demo\Plotting Page.cs:line 369

[2025-06-13 15:01:38] ERROR: Failed to update chart series
Error: Collection was modified after the enumerator was instantiated.
Stack Trace:    at System.ThrowHelper.ThrowInvalidOperationException(ExceptionResource resource)
   at System.Collections.Generic.Queue`1.Enumerator.MoveNext()
   at Telemetry_demo.UserControl3.UpdateChartSeries(Chart chart, Dictionary`2 channelSeries, Dictionary`2 allChannelData, Dictionary`2 channelCheckBoxes) in C:\LAUKIK\Telemetry\Telemetry-Viewer\Telemetry_demo\Telemetry_demo\Plotting Page.cs:line 369

[2025-06-13 15:01:38] ERROR: Failed to update chart series
Error: Collection was modified after the enumerator was instantiated.
Stack Trace:    at System.ThrowHelper.ThrowInvalidOperationException(ExceptionResource resource)
   at System.Collections.Generic.Queue`1.Enumerator.MoveNext()
   at Telemetry_demo.UserControl3.UpdateChartSeries(Chart chart, Dictionary`2 channelSeries, Dictionary`2 allChannelData, Dictionary`2 channelCheckBoxes) in C:\LAUKIK\Telemetry\Telemetry-Viewer\Telemetry_demo\Telemetry_demo\Plotting Page.cs:line 369

[2025-06-13 15:01:38] ERROR: Failed to update chart series
Error: Collection was modified after the enumerator was instantiated.
Stack Trace:    at System.ThrowHelper.ThrowInvalidOperationException(ExceptionResource resource)
   at System.Collections.Generic.Queue`1.Enumerator.MoveNext()
   at Telemetry_demo.UserControl3.UpdateChartSeries(Chart chart, Dictionary`2 channelSeries, Dictionary`2 allChannelData, Dictionary`2 channelCheckBoxes) in C:\LAUKIK\Telemetry\Telemetry-Viewer\Telemetry_demo\Telemetry_demo\Plotting Page.cs:line 369

[2025-06-13 15:01:38] ERROR: Failed to update chart series
Error: Collection was modified after the enumerator was instantiated.
Stack Trace:    at System.ThrowHelper.ThrowInvalidOperationException(ExceptionResource resource)
   at System.Collections.Generic.Queue`1.Enumerator.MoveNext()
   at Telemetry_demo.UserControl3.UpdateChartSeries(Chart chart, Dictionary`2 channelSeries, Dictionary`2 allChannelData, Dictionary`2 channelCheckBoxes) in C:\LAUKIK\Telemetry\Telemetry-Viewer\Telemetry_demo\Telemetry_demo\Plotting Page.cs:line 369

[2025-06-13 15:01:38] ERROR: Failed to update chart series
Error: Collection was modified after the enumerator was instantiated.
Stack Trace:    at System.ThrowHelper.ThrowInvalidOperationException(ExceptionResource resource)
   at System.Collections.Generic.Queue`1.Enumerator.MoveNext()
   at Telemetry_demo.UserControl3.UpdateChartSeries(Chart chart, Dictionary`2 channelSeries, Dictionary`2 allChannelData, Dictionary`2 channelCheckBoxes) in C:\LAUKIK\Telemetry\Telemetry-Viewer\Telemetry_demo\Telemetry_demo\Plotting Page.cs:line 369

[2025-06-13 15:01:38] ERROR: Failed to update chart series
Error: Collection was modified after the enumerator was instantiated.
Stack Trace:    at System.ThrowHelper.ThrowInvalidOperationException(ExceptionResource resource)
   at System.Collections.Generic.Queue`1.Enumerator.MoveNext()
   at Telemetry_demo.UserControl3.UpdateChartSeries(Chart chart, Dictionary`2 channelSeries, Dictionary`2 allChannelData, Dictionary`2 channelCheckBoxes) in C:\LAUKIK\Telemetry\Telemetry-Viewer\Telemetry_demo\Telemetry_demo\Plotting Page.cs:line 369

[2025-06-13 15:01:38] ERROR: Failed to update chart series
Error: Collection was modified after the enumerator was instantiated.
Stack Trace:    at System.ThrowHelper.ThrowInvalidOperationException(ExceptionResource resource)
   at System.Collections.Generic.Queue`1.Enumerator.MoveNext()
   at Telemetry_demo.UserControl3.UpdateChartSeries(Chart chart, Dictionary`2 channelSeries, Dictionary`2 allChannelData, Dictionary`2 channelCheckBoxes) in C:\LAUKIK\Telemetry\Telemetry-Viewer\Telemetry_demo\Telemetry_demo\Plotting Page.cs:line 369

[2025-06-13 15:01:39] ERROR: Failed to update chart series
Error: Collection was modified after the enumerator was instantiated.
Stack Trace:    at System.ThrowHelper.ThrowInvalidOperationException(ExceptionResource resource)
   at System.Collections.Generic.Queue`1.Enumerator.MoveNext()
   at Telemetry_demo.UserControl3.UpdateChartSeries(Chart chart, Dictionary`2 channelSeries, Dictionary`2 allChannelData, Dictionary`2 channelCheckBoxes) in C:\LAUKIK\Telemetry\Telemetry-Viewer\Telemetry_demo\Telemetry_demo\Plotting Page.cs:line 369

[2025-06-13 15:01:39] ERROR: Failed to update chart series
Error: Collection was modified after the enumerator was instantiated.
Stack Trace:    at System.ThrowHelper.ThrowInvalidOperationException(ExceptionResource resource)
   at System.Collections.Generic.Queue`1.Enumerator.MoveNext()
   at Telemetry_demo.UserControl3.UpdateChartSeries(Chart chart, Dictionary`2 channelSeries, Dictionary`2 allChannelData, Dictionary`2 channelCheckBoxes) in C:\LAUKIK\Telemetry\Telemetry-Viewer\Telemetry_demo\Telemetry_demo\Plotting Page.cs:line 369

[2025-06-13 15:03:31] ERROR: Failed to update chart series
Error: Collection was modified after the enumerator was instantiated.
Stack Trace:    at System.ThrowHelper.ThrowInvalidOperationException(ExceptionResource resource)
   at System.Collections.Generic.Queue`1.Enumerator.MoveNext()
   at System.Collections.Generic.List`1..ctor(IEnumerable`1 collection)
   at System.Linq.Enumerable.ToList[TSource](IEnumerable`1 source)
   at Telemetry_demo.UserControl3.UpdateChartSeries(Chart chart, Dictionary`2 channelSeries, Dictionary`2 allChannelData, Dictionary`2 channelCheckBoxes) in C:\LAUKIK\Telemetry\Telemetry-Viewer\Telemetry_demo\Telemetry_demo\Plotting Page.cs:line 372

[2025-06-13 15:03:33] ERROR: Failed to update chart series
Error: Collection was modified after the enumerator was instantiated.
Stack Trace:    at System.ThrowHelper.ThrowInvalidOperationException(ExceptionResource resource)
   at System.Collections.Generic.Queue`1.Enumerator.MoveNext()
   at System.Collections.Generic.List`1..ctor(IEnumerable`1 collection)
   at System.Linq.Enumerable.ToList[TSource](IEnumerable`1 source)
   at Telemetry_demo.UserControl3.UpdateChartSeries(Chart chart, Dictionary`2 channelSeries, Dictionary`2 allChannelData, Dictionary`2 channelCheckBoxes) in C:\LAUKIK\Telemetry\Telemetry-Viewer\Telemetry_demo\Telemetry_demo\Plotting Page.cs:line 372

[2025-06-13 15:03:34] ERROR: Failed to update chart series
Error: Collection was modified after the enumerator was instantiated.
Stack Trace:    at System.ThrowHelper.ThrowInvalidOperationException(ExceptionResource resource)
   at System.Collections.Generic.Queue`1.Enumerator.MoveNext()
   at System.Collections.Generic.List`1..ctor(IEnumerable`1 collection)
   at System.Linq.Enumerable.ToList[TSource](IEnumerable`1 source)
   at Telemetry_demo.UserControl3.UpdateChartSeries(Chart chart, Dictionary`2 channelSeries, Dictionary`2 allChannelData, Dictionary`2 channelCheckBoxes) in C:\LAUKIK\Telemetry\Telemetry-Viewer\Telemetry_demo\Telemetry_demo\Plotting Page.cs:line 372

[2025-06-13 15:03:36] ERROR: Failed to update chart series
Error: Collection was modified after the enumerator was instantiated.
Stack Trace:    at System.ThrowHelper.ThrowInvalidOperationException(ExceptionResource resource)
   at System.Collections.Generic.Queue`1.Enumerator.MoveNext()
   at System.Collections.Generic.List`1..ctor(IEnumerable`1 collection)
   at System.Linq.Enumerable.ToList[TSource](IEnumerable`1 source)
   at Telemetry_demo.UserControl3.UpdateChartSeries(Chart chart, Dictionary`2 channelSeries, Dictionary`2 allChannelData, Dictionary`2 channelCheckBoxes) in C:\LAUKIK\Telemetry\Telemetry-Viewer\Telemetry_demo\Telemetry_demo\Plotting Page.cs:line 372

[2025-06-13 15:03:39] ERROR: Failed to update chart series
Error: Collection was modified after the enumerator was instantiated.
Stack Trace:    at System.ThrowHelper.ThrowInvalidOperationException(ExceptionResource resource)
   at System.Collections.Generic.Queue`1.Enumerator.MoveNext()
   at System.Collections.Generic.List`1..ctor(IEnumerable`1 collection)
   at System.Linq.Enumerable.ToList[TSource](IEnumerable`1 source)
   at Telemetry_demo.UserControl3.UpdateChartSeries(Chart chart, Dictionary`2 channelSeries, Dictionary`2 allChannelData, Dictionary`2 channelCheckBoxes) in C:\LAUKIK\Telemetry\Telemetry-Viewer\Telemetry_demo\Telemetry_demo\Plotting Page.cs:line 372

[2025-06-13 15:03:39] ERROR: Failed to update chart series
Error: Collection was modified after the enumerator was instantiated.
Stack Trace:    at System.ThrowHelper.ThrowInvalidOperationException(ExceptionResource resource)
   at System.Collections.Generic.Queue`1.Enumerator.MoveNext()
   at System.Collections.Generic.List`1..ctor(IEnumerable`1 collection)
   at System.Linq.Enumerable.ToList[TSource](IEnumerable`1 source)
   at Telemetry_demo.UserControl3.UpdateChartSeries(Chart chart, Dictionary`2 channelSeries, Dictionary`2 allChannelData, Dictionary`2 channelCheckBoxes) in C:\LAUKIK\Telemetry\Telemetry-Viewer\Telemetry_demo\Telemetry_demo\Plotting Page.cs:line 372

[2025-06-13 15:03:40] ERROR: Failed to update chart series
Error: Collection was modified after the enumerator was instantiated.
Stack Trace:    at System.ThrowHelper.ThrowInvalidOperationException(ExceptionResource resource)
   at System.Collections.Generic.Queue`1.Enumerator.MoveNext()
   at System.Collections.Generic.List`1..ctor(IEnumerable`1 collection)
   at System.Linq.Enumerable.ToList[TSource](IEnumerable`1 source)
   at Telemetry_demo.UserControl3.UpdateChartSeries(Chart chart, Dictionary`2 channelSeries, Dictionary`2 allChannelData, Dictionary`2 channelCheckBoxes) in C:\LAUKIK\Telemetry\Telemetry-Viewer\Telemetry_demo\Telemetry_demo\Plotting Page.cs:line 372

[2025-06-13 15:03:40] ERROR: Failed to update chart series
Error: Collection was modified after the enumerator was instantiated.
Stack Trace:    at System.ThrowHelper.ThrowInvalidOperationException(ExceptionResource resource)
   at System.Collections.Generic.Queue`1.Enumerator.MoveNext()
   at System.Collections.Generic.List`1..ctor(IEnumerable`1 collection)
   at System.Linq.Enumerable.ToList[TSource](IEnumerable`1 source)
   at Telemetry_demo.UserControl3.UpdateChartSeries(Chart chart, Dictionary`2 channelSeries, Dictionary`2 allChannelData, Dictionary`2 channelCheckBoxes) in C:\LAUKIK\Telemetry\Telemetry-Viewer\Telemetry_demo\Telemetry_demo\Plotting Page.cs:line 372

[2025-06-13 15:03:41] ERROR: Failed to update chart series
Error: Collection was modified after the enumerator was instantiated.
Stack Trace:    at System.ThrowHelper.ThrowInvalidOperationException(ExceptionResource resource)
   at System.Collections.Generic.Queue`1.Enumerator.MoveNext()
   at System.Collections.Generic.List`1..ctor(IEnumerable`1 collection)
   at System.Linq.Enumerable.ToList[TSource](IEnumerable`1 source)
   at Telemetry_demo.UserControl3.UpdateChartSeries(Chart chart, Dictionary`2 channelSeries, Dictionary`2 allChannelData, Dictionary`2 channelCheckBoxes) in C:\LAUKIK\Telemetry\Telemetry-Viewer\Telemetry_demo\Telemetry_demo\Plotting Page.cs:line 372

[2025-06-13 15:03:42] ERROR: Failed to update chart series
Error: Collection was modified after the enumerator was instantiated.
Stack Trace:    at System.ThrowHelper.ThrowInvalidOperationException(ExceptionResource resource)
   at System.Collections.Generic.Queue`1.Enumerator.MoveNext()
   at System.Collections.Generic.List`1..ctor(IEnumerable`1 collection)
   at System.Linq.Enumerable.ToList[TSource](IEnumerable`1 source)
   at Telemetry_demo.UserControl3.UpdateChartSeries(Chart chart, Dictionary`2 channelSeries, Dictionary`2 allChannelData, Dictionary`2 channelCheckBoxes) in C:\LAUKIK\Telemetry\Telemetry-Viewer\Telemetry_demo\Telemetry_demo\Plotting Page.cs:line 372

[2025-06-13 15:03:43] ERROR: Failed to update chart series
Error: Collection was modified after the enumerator was instantiated.
Stack Trace:    at System.ThrowHelper.ThrowInvalidOperationException(ExceptionResource resource)
   at System.Collections.Generic.Queue`1.Enumerator.MoveNext()
   at System.Collections.Generic.List`1..ctor(IEnumerable`1 collection)
   at System.Linq.Enumerable.ToList[TSource](IEnumerable`1 source)
   at Telemetry_demo.UserControl3.UpdateChartSeries(Chart chart, Dictionary`2 channelSeries, Dictionary`2 allChannelData, Dictionary`2 channelCheckBoxes) in C:\LAUKIK\Telemetry\Telemetry-Viewer\Telemetry_demo\Telemetry_demo\Plotting Page.cs:line 372

[2025-06-13 15:03:44] ERROR: Failed to update chart series
Error: Collection was modified after the enumerator was instantiated.
Stack Trace:    at System.ThrowHelper.ThrowInvalidOperationException(ExceptionResource resource)
   at System.Collections.Generic.Queue`1.Enumerator.MoveNext()
   at System.Collections.Generic.List`1..ctor(IEnumerable`1 collection)
   at System.Linq.Enumerable.ToList[TSource](IEnumerable`1 source)
   at Telemetry_demo.UserControl3.UpdateChartSeries(Chart chart, Dictionary`2 channelSeries, Dictionary`2 allChannelData, Dictionary`2 channelCheckBoxes) in C:\LAUKIK\Telemetry\Telemetry-Viewer\Telemetry_demo\Telemetry_demo\Plotting Page.cs:line 372

[2025-06-13 15:03:45] ERROR: Failed to update chart series
Error: Collection was modified after the enumerator was instantiated.
Stack Trace:    at System.ThrowHelper.ThrowInvalidOperationException(ExceptionResource resource)
   at System.Collections.Generic.Queue`1.Enumerator.MoveNext()
   at System.Collections.Generic.List`1..ctor(IEnumerable`1 collection)
   at System.Linq.Enumerable.ToList[TSource](IEnumerable`1 source)
   at Telemetry_demo.UserControl3.UpdateChartSeries(Chart chart, Dictionary`2 channelSeries, Dictionary`2 allChannelData, Dictionary`2 channelCheckBoxes) in C:\LAUKIK\Telemetry\Telemetry-Viewer\Telemetry_demo\Telemetry_demo\Plotting Page.cs:line 372

[2025-06-13 15:03:46] ERROR: Failed to update chart series
Error: Collection was modified after the enumerator was instantiated.
Stack Trace:    at System.ThrowHelper.ThrowInvalidOperationException(ExceptionResource resource)
   at System.Collections.Generic.Queue`1.Enumerator.MoveNext()
   at System.Collections.Generic.List`1..ctor(IEnumerable`1 collection)
   at System.Linq.Enumerable.ToList[TSource](IEnumerable`1 source)
   at Telemetry_demo.UserControl3.UpdateChartSeries(Chart chart, Dictionary`2 channelSeries, Dictionary`2 allChannelData, Dictionary`2 channelCheckBoxes) in C:\LAUKIK\Telemetry\Telemetry-Viewer\Telemetry_demo\Telemetry_demo\Plotting Page.cs:line 372

[2025-06-13 15:03:47] ERROR: Failed to update chart series
Error: Collection was modified after the enumerator was instantiated.
Stack Trace:    at System.ThrowHelper.ThrowInvalidOperationException(ExceptionResource resource)
   at System.Collections.Generic.Queue`1.Enumerator.MoveNext()
   at System.Collections.Generic.List`1..ctor(IEnumerable`1 collection)
   at System.Linq.Enumerable.ToList[TSource](IEnumerable`1 source)
   at Telemetry_demo.UserControl3.UpdateChartSeries(Chart chart, Dictionary`2 channelSeries, Dictionary`2 allChannelData, Dictionary`2 channelCheckBoxes) in C:\LAUKIK\Telemetry\Telemetry-Viewer\Telemetry_demo\Telemetry_demo\Plotting Page.cs:line 372

[2025-06-13 15:03:47] ERROR: Failed to update chart series
Error: Collection was modified after the enumerator was instantiated.
Stack Trace:    at System.ThrowHelper.ThrowInvalidOperationException(ExceptionResource resource)
   at System.Collections.Generic.Queue`1.Enumerator.MoveNext()
   at System.Collections.Generic.List`1..ctor(IEnumerable`1 collection)
   at System.Linq.Enumerable.ToList[TSource](IEnumerable`1 source)
   at Telemetry_demo.UserControl3.UpdateChartSeries(Chart chart, Dictionary`2 channelSeries, Dictionary`2 allChannelData, Dictionary`2 channelCheckBoxes) in C:\LAUKIK\Telemetry\Telemetry-Viewer\Telemetry_demo\Telemetry_demo\Plotting Page.cs:line 372

